<?xml version="1.0" encoding="UTF-8"?>
<testng-results ignored="0" total="1" passed="1" failed="0" skipped="0">
  <reporter-output>
  </reporter-output>
  <suite started-at="2022-01-28T18:44:52 CET" name="Suite" finished-at="2022-01-28T18:45:16 CET" duration-ms="23721">
    <groups>
    </groups>
    <test started-at="2022-01-28T18:44:52 CET" name="Setup" finished-at="2022-01-28T18:44:52 CET" duration-ms="7">
    </test> <!-- Setup -->
    <test started-at="2022-01-28T18:44:52 CET" name="Elements" finished-at="2022-01-28T18:45:16 CET" duration-ms="23694">
      <class name="elements.buttons.Buttons_TestGroup">
        <test-method is-config="true" signature="setup()[pri:0, instance:elements.buttons.Buttons_TestGroup@2f112965]" started-at="2022-01-28T18:44:52 CET" name="setup" finished-at="2022-01-28T18:44:52 CET" duration-ms="0" status="PASS">
          <reporter-output>
          </reporter-output>
        </test-method> <!-- setup -->
        <test-method signature="OpenPageTest()[pri:0, instance:elements.buttons.Buttons_TestGroup@2f112965]" started-at="2022-01-28T18:44:52 CET" name="OpenPageTest" finished-at="2022-01-28T18:45:16 CET" duration-ms="23672" status="PASS">
          <reporter-output>
          </reporter-output>
        </test-method> <!-- OpenPageTest -->
      </class> <!-- elements.buttons.Buttons_TestGroup -->
      <class name="setup.SuiteSetup">
        <test-method is-config="true" signature="beforeSuite()[pri:0, instance:setup.SuiteSetup@b62fe6d]" started-at="2022-01-28T18:44:47 CET" name="beforeSuite" finished-at="2022-01-28T18:44:52 CET" duration-ms="5129" status="PASS">
          <reporter-output>
          </reporter-output>
        </test-method> <!-- beforeSuite -->
        <test-method is-config="true" signature="afterSuite()[pri:0, instance:setup.SuiteSetup@b62fe6d]" started-at="2022-01-28T18:45:16 CET" name="afterSuite" finished-at="2022-01-28T18:45:16 CET" duration-ms="33" status="PASS">
          <reporter-output>
          </reporter-output>
        </test-method> <!-- afterSuite -->
      </class> <!-- setup.SuiteSetup -->
    </test> <!-- Elements -->
  </suite> <!-- Suite -->
</testng-results>
